d:\projects\chiragworkspace\visualize\visualize\geometry\x64\debug\geometry.pch
d:\projects\chiragworkspace\visualize\visualize\geometry\x64\debug\vc143.pdb
d:\projects\chiragworkspace\visualize\visualize\geometry\x64\debug\vc143.idb
d:\projects\chiragworkspace\visualize\visualize\geometry\x64\debug\pch.obj
d:\projects\chiragworkspace\visualize\visualize\geometry\x64\debug\point2d.obj
d:\projects\chiragworkspace\visualize\visualize\geometry\x64\debug\line.obj
d:\projects\chiragworkspace\visualize\visualize\geometry\x64\debug\geometry.obj
d:\projects\chiragworkspace\visualize\visualize\geometry\x64\debug\dllmain.obj
d:\projects\chiragworkspace\visualize\visualize\geometry\x64\debug\geometry.ilk
d:\projects\chiragworkspace\visualize\x64\debug\geometry.dll
d:\projects\chiragworkspace\visualize\x64\debug\geometry.pdb
d:\projects\chiragworkspace\visualize\x64\debug\geometry.lib
d:\projects\chiragworkspace\visualize\x64\debug\geometry.exp
d:\projects\chiragworkspace\visualize\visualize\geometry\x64\debug\geometry.tlog\cl.command.1.tlog
d:\projects\chiragworkspace\visualize\visualize\geometry\x64\debug\geometry.tlog\cl.items.tlog
d:\projects\chiragworkspace\visualize\visualize\geometry\x64\debug\geometry.tlog\cl.read.1.tlog
d:\projects\chiragworkspace\visualize\visualize\geometry\x64\debug\geometry.tlog\cl.write.1.tlog
d:\projects\chiragworkspace\visualize\visualize\geometry\x64\debug\geometry.tlog\link.command.1.tlog
d:\projects\chiragworkspace\visualize\visualize\geometry\x64\debug\geometry.tlog\link.read.1.tlog
d:\projects\chiragworkspace\visualize\visualize\geometry\x64\debug\geometry.tlog\link.write.1.tlog
d:\projects\chiragworkspace\visualize\visualize\geometry\x64\debug\geometry.tlog\link.write.2u.tlog
